Arguments: 
  C:\Program Files\nodejs\node.exe C:\Users\schoolap\AppData\Roaming\npm\node_modules\yarn\bin\yarn.js init

PATH: 
  C:\Windows\System32\WindowsPowerShell\v1.0;C:\Windows\System32;C:\Program Files\Git\cmd;C:\Users\schoolap\AppData\Local\Microsoft\WindowsApps;C:\Users\schoolap\AppData\Local\GitHubDesktop\bin;C:\Users\schoolap\AppData\Local\Android\Sdk\platform-tools;C:\Users\schoolap\AppData\Local\Android\Sdk\emulator;C:\Users\schoolap\AppData\Local\Programs\Microsoft VS Code\bin;C:\Users\schoolap\AppData\Local\Microsoft\WindowsApps;C:\Users\schoolap\AppData\Local\Programs\Microsoft VS Code\bin;c:\Users\schoolap\AppData\Local\Programs\Cursor\resources\app\bin;C:\ProgramData\chocolatey;C:\dev\src\flutter\bin;C:\Program Files\nodejs\;C:\Users\schoolap\AppData\Local\Pub\Cache\bin;C:\Program Files\dotnet\;C:\Program Files\OpenJDK\jdk-20.0.1\bin;C:\Users\schoolap\AppData\Local\Microsoft\WindowsApps;C:\Users\schoolap\AppData\Local\GitHubDesktop\bin;C:\Users\schoolap\AppData\Local\Android\Sdk\platform-tools;C:\Users\schoolap\AppData\Local\Android\Sdk\emulator;C:\Users\schoolap\AppData\Local\Programs\Microsoft VS Code\bin;C:\Users\schoolap\AppData\Roaming\npm;C:\Users\schoolap\.dotnet\tools;C:\Users\schoolap\Downloads\sqlite-dll-win64-x64-3370000;

Yarn version: 
  1.22.19

Node version: 
  18.16.1

Platform: 
  win32 x64

Trace: 
  Error: canceled
      at Interface.<anonymous> (C:\Users\schoolap\AppData\Roaming\npm\node_modules\yarn\lib\cli.js:137150:13)
      at Interface.emit (node:events:513:28)
      at [_ttyWrite] [as _ttyWrite] (node:internal/readline/interface:1131:18)
      at ReadStream.onkeypress (node:internal/readline/interface:270:20)
      at ReadStream.emit (node:events:513:28)
      at emitKeys (node:internal/readline/utils:357:14)
      at emitKeys.next (<anonymous>)
      at ReadStream.onData (node:internal/readline/emitKeypressEvents:64:36)
      at ReadStream.emit (node:events:513:28)
      at addChunk (node:internal/streams/readable:324:12)

npm manifest: 
  No manifest

yarn manifest: 
  No manifest

Lockfile: 
  No lockfile
